{"name": "test_div_float[20.8-4.2-5.4]", "status": "failed", "statusDetails": {"message": "AssertionError: assert 4.9523809523809526 == 5.4\n +  where 4.9523809523809526 = div(20.8, 4.2)", "trace": "num1 = 20.8, num2 = 4.2, except_result = 5.4\n\n    @pytest.mark.parametrize(\"num1,num2,except_result\",\n                             {(10, 2.0, 5.0), (9.9, 3, 3.3), (1, 1.0, 1.0),\n                              (20.8, 4.2, 5.4), (1000000.00, 100, 10000.0),\n                              (-1.0, 1, -1.0), (-100, 10, -10), (-5, -2, 2.5)})\n    def test_div_float(num1, num2, except_result):\n>       assert div(num1, num2) == except_result\nE       assert 4.9523809523809526 == 5.4\nE        +  where 4.9523809523809526 = div(20.8, 4.2)\n\ntest_pytest/test_pytest.py:17: AssertionError"}, "parameters": [{"name": "num1", "value": "20.8"}, {"name": "num2", "value": "4.2"}, {"name": "except_result", "value": "5.4"}], "start": 1577021077172, "stop": 1577021077173, "uuid": "363edea5-11e4-4937-8984-95c96938e95c", "historyId": "48d508f329b08aa312ba2c7ec311e421", "testCaseId": "59305817ed0d950d58e3de2af7566d7a", "fullName": "test_pytest.test_pytest#test_div_float", "labels": [{"name": "parentSuite", "value": "test_pytest"}, {"name": "suite", "value": "test_pytest"}, {"name": "host", "value": "HCBdeMacBook-Pro.local"}, {"name": "thread", "value": "28249-MainThread"}, {"name": "framework", "value": "pytest"}, {"name": "language", "value": "cpython3"}, {"name": "package", "value": "test_pytest.test_pytest"}]}