{"name": "test_div_float[9.9-3-3.3]", "status": "failed", "statusDetails": {"message": "AssertionError: assert 3.3000000000000003 == 3.3\n +  where 3.3000000000000003 = div(9.9, 3)", "trace": "num1 = 9.9, num2 = 3, except_result = 3.3\n\n    @pytest.mark.parametrize(\"num1,num2,except_result\",\n                             {(10, 2.0, 5.0), (9.9, 3, 3.3), (1, 1.0, 1.0),\n                              (20.8, 4.2, 5.4), (1000000.00, 100, 10000.0),\n                              (-1.0, 1, -1.0), (-100, 10, -10), (-5, -2, 2.5)})\n    def test_div_float(num1, num2, except_result):\n>       assert div(num1, num2) == except_result\nE       assert 3.3000000000000003 == 3.3\nE        +  where 3.3000000000000003 = div(9.9, 3)\n\ntest_pytest/test_pytest.py:17: AssertionError"}, "parameters": [{"name": "num1", "value": "9.9"}, {"name": "num2", "value": "3"}, {"name": "except_result", "value": "3.3"}], "start": 1577021077130, "stop": 1577021077131, "uuid": "5ed86802-4664-488d-b981-3ea5a353b53f", "historyId": "cfdb63b4f21ac213888914f3aadd0d19", "testCaseId": "59305817ed0d950d58e3de2af7566d7a", "fullName": "test_pytest.test_pytest#test_div_float", "labels": [{"name": "parentSuite", "value": "test_pytest"}, {"name": "suite", "value": "test_pytest"}, {"name": "host", "value": "HCBdeMacBook-Pro.local"}, {"name": "thread", "value": "28249-MainThread"}, {"name": "framework", "value": "pytest"}, {"name": "language", "value": "cpython3"}, {"name": "package", "value": "test_pytest.test_pytest"}]}